-HOS-PPT1.cif
-IFU-PPT1.cif
-IRY-PPT1.cif
-ITR-PPT1.cif
-SSO-NT.cif
-SYT-NT.cif
ABW-PPT1.cif
ACO-PPT1.cif
AEI-PPT1.cif
AEL-PPT1.cif
AEN-PPT1.cif
AET-PPT1.cif
AFG-PPT1.cif
AFI-PPT1.cif
AFN-PPT1.cif
AFO-PPT1.cif
AFR-PPT1.cif
AFS-PPT1.cif
AFT-PPT1.cif
AFV-PPT1.cif
AFX-PPT1.cif
AFY-PPT1.cif
AHT-PPT1.cif
ANA-PPT1.cif
ANO-PPT1.cif
APC-PPT1.cif
APD-NT.cif
AST-PPT1.cif
ASV-PPT1.cif
ATN-PPT1.cif
ATO-PPT1.cif
ATS-PPT1.cif
ATT-PPT1.cif
ATV-PPT1.cif
AVE-PPT1.cif
AVL-PPT1.cif
AWO-PPT1.cif
AWW-PPT1.cif
BCT-PPT1.cif
BEC-PPT1.cif
BIK-PPT1.cif
BOF-PPT1.cif
BOG-PPT1.cif
BOZ-PPT1.cif
BPH-PPT1.cif
BRE-PPT1.cif
BSV-PPT1.cif
CAN-PPT1.cif
CAS-PPT1.cif
CDO-PPT1.cif
CFI-PPT1.cif
CGF-NT.cif
CGS-PPT1.cif
CHA-PPT1.cif
CHI-PPT1.cif
CLO-PPT1.cif
CON_-NT.cif
CSV-PPT1.cif
CZP-NT.cif
DAC-PPT1.cif
DDR-PPT1.cif
DFO-PPT1.cif
DFT-PPT1.cif
DOH-PPT1.cif
DON-PPT1.cif
EAB-PPT1.cif
EDI-PPT1.cif
EEI-PPT1.cif
EMT-PPT1.cif
EON-PPT1.cif
EOS-PPT1.cif
EPI-PPT1.cif
ERI-PPT1.cif
ESV-PPT1.cif
ETL-PPT1.cif
ETR-PPT1.cif
ETV-NT.cif
EUO-PPT1.cif
EWF-PPT1.cif
EWO-PPT1.cif
EWS-PPT1.cif
EWT-PPT1.cif
EZT-PPT1.cif
FAR-PPT1.cif
FAU-PPT1.cif
FER-PPT1.cif
FRA-PPT1.cif
GIS-PPT1.cif
GIU-PPT1.cif
GME-PPT1.cif
GON-PPT1.cif
GOO-PPT1.cif
HEU-PPT1.cif
HZF-NT.cif
IFR-PPT1.cif
IFT-PPT1.cif
IFW-PPT1.cif
IFY-PPT1.cif
IHW-PPT1.cif
IMF-PPT1.cif
ION-PPT1.cif
IRN-PPT1.cif
IRR-PPT1.cif
ISV-PPT1.cif
ITE-PPT1.cif
ITG-PPT1.cif
ITH-PPT1.cif
ITT-PPT1.cif
ITW-PPT1.cif
IWR-PPT1.cif
IWS-PPT1.cif
IWV-PPT1.cif
IWW-PPT1.cif
JBW-PPT1.cif
JNT-NT.cif
JOZ-PPT1.cif
JRY-NT.cif
JSN-PPT1.cif
JSR-PPT1.cif
JST-PPT1.cif
JSW-NT.cif
JSY-PPT1.cif
JZO-NT.cif
JZT-NT.cif
KFI-PPT1.cif
LAU-PPT1.cif
LEV-PPT1.cif
LIO-PPT1.cif
LIT-PPT1.cif
LOS-PPT1.cif
LOV-PPT1.cif
LTA-PPT1.cif
LTF-PPT1.cif
LTJ-PPT1.cif
LTL-PPT1.cif
LTN-PPT1.cif
MAR-PPT1.cif
MAZ-PPT1.cif
MEI-PPT1.cif
MEL-PPT1.cif
MEP-PPT1.cif
MER-PPT1.cif
MFI-PPT1.cif
MFS-PPT1.cif
MON-PPT1.cif
MOR-PPT1.cif
MOZ-PPT1.cif
MRT-PPT1.cif
MSE-PPT1.cif
MSO-PPT1.cif
MTF-PPT1.cif
MTN-PPT1.cif
MTT-PPT1.cif
MTW-PPT1.cif
MVY-NT.cif
MWF-PPT1.cif
MWW-PPT1.cif
NAB-PPT1.cif
NAT-PPT1.cif
NES-PPT1.cif
NON-PPT1.cif
NPO-PPT1.cif
NPT-PPT1.cif
NSI-PPT1.cif
OBW-PPT1.cif
OFF-PPT1.cif
OKO-NT.cif
OSI-PPT1.cif
OSO-PPT1.cif
OWE-PPT1.cif
PAR-NT.cif
PAU-PPT1.cif
PCR-NT.cif
PHI-PPT1.cif
PON-NT.cif
POR-PPT1.cif
POS-PPT1.cif
PSI-PPT1.cif
PTF-PPT1.cif
PTT-PPT1.cif
PTY-PPT1.cif
PUN-PPT1.cif
PWN-PPT1.cif
PWO-PPT1.cif
PWW-PPT1.cif
RFE-PPT1.cif
RHO-PPT1.cif
RRO-PPT1.cif
RSN-PPT1.cif
RTE-PPT1.cif
RTH-PPT1.cif
RUT-PPT1.cif
RWR-PPT1.cif
RWY-PPT1.cif
SAF-PPT1.cif
SAO-PPT1.cif
SAS-PPT1.cif
SAT-PPT1.cif
SAV-PPT1.cif
SBE-PPT1.cif
SBN-PPT1.cif
SBS-PPT1.cif
SBT-PPT1.cif
SEW-PPT1.cif
SFE-PPT1.cif
SFF-PPT1.cif
SFG-PPT1.cif
SFH-PPT1.cif
SFN-PPT1.cif
SFO-PPT1.cif
SFS-PPT1.cif
SFW-PPT1.cif
SGT-PPT1.cif
SIV-PPT1.cif
SOD-PPT1.cif
SOF-PPT1.cif
SOR-PPT1.cif
SOS-PPT1.cif
SOV-PPT1.cif
SSF-PPT1.cif
SSY-PPT1.cif
STF-PPT1.cif
STI-PPT1.cif
STT-PPT1.cif
STW-PPT1.cif
SVR-PPT1.cif
SVV-PPT1.cif
SWY-PPT1.cif
SZR-PPT1.cif
TER-PPT1.cif
THO-PPT1.cif
TOL-PPT1.cif
TON-PPT1.cif
TSC-PPT1.cif
TUN-PPT1.cif
UEI-PPT1.cif
UFI-PPT1.cif
UOS-PPT1.cif
UOV-NT.cif
UOZ-PPT1.cif
USI-NT.cif
UTL-NT.cif
UWY-PPT1.cif
VET-PPT1.cif
VFI-PPT1.cif
VNI-PPT1.cif
VSV-PPT1.cif
WEI-PPT1.cif
WEN-PPT1.cif
YFI-PPT1.cif
YUG-PPT1.cif
ZJN-PPT1.cif
ZON-PPT1.cif
